<?xml version="1.0" encoding="UTF-8"?>
<testsuite name="org.hyperskill.aquarium.Stage4UnitTest" tests="4" skipped="0" failures="0" errors="0" timestamp="2024-09-11T15:19:45" hostname="DESKTOP-4UTSA8I" time="0.521">
  <properties/>
  <testcase name="test00_checkTheTabLayout" classname="org.hyperskill.aquarium.Stage4UnitTest" time="0.065"/>
  <testcase name="test01_checkingTabCount" classname="org.hyperskill.aquarium.Stage4UnitTest" time="0.056"/>
  <testcase name="test02_checkingIfViewPagerPagePositionMatchesTabLayoutTabPosition" classname="org.hyperskill.aquarium.Stage4UnitTest" time="0.222"/>
  <testcase name="test03_checkingTabClick" classname="org.hyperskill.aquarium.Stage4UnitTest" time="0.177"/>
  <system-out><![CDATA[]]></system-out>
  <system-err><![CDATA[]]></system-err>
</testsuite>
