<?xml version="1.0" encoding="UTF-8"?>
<testsuite name="org.hyperskill.aquarium.Stage3UnitTest" tests="5" skipped="0" failures="0" errors="0" timestamp="2024-09-11T15:19:44" hostname="DESKTOP-4UTSA8I" time="0.594">
  <properties/>
  <testcase name="test00_checkViewPager" classname="org.hyperskill.aquarium.Stage3UnitTest" time="0.109"/>
  <testcase name="test01_whenOnPageZeroCheckNextOnce" classname="org.hyperskill.aquarium.Stage3UnitTest" time="0.131"/>
  <testcase name="test02_whenOnPageOneCheckPreviousOnce" classname="org.hyperskill.aquarium.Stage3UnitTest" time="0.13"/>
  <testcase name="test02_whenOnPageZeroCheckNextUntilLastPage" classname="org.hyperskill.aquarium.Stage3UnitTest" time="0.113"/>
  <testcase name="test03_whenOnLastPageCheckPreviousUntilFirstPage" classname="org.hyperskill.aquarium.Stage3UnitTest" time="0.11"/>
  <system-out><![CDATA[]]></system-out>
  <system-err><![CDATA[]]></system-err>
</testsuite>
